<?xml version="1.0" encoding="UTF-8"?>
<!-- Generated by org.testng.reporters.JUnitReportReporter -->
<testsuite hostname="Prasuns-MacBook-Pro.local" failures="0" tests="5" name="com.iitp.mmp.MMP.LoginPageTest" time="38.337" errors="0" timestamp="12 Apr 2020 21:15:24 GMT" skipped="3">
  <testcase classname="com.iitp.mmp.MMP.LoginPageTest" name="PatLoginDataProvider" time="18.267"/>
  <testcase classname="com.iitp.mmp.MMP.LoginPageTest" name="PatLoginDataProvider" time="20.070"/>
  <testcase classname="com.iitp.mmp.MMP.LoginPageTest" name="usernamePwdFrmdatabase">
    <skipped/>
  </testcase> <!-- usernamePwdFrmdatabase -->
  <testcase classname="com.iitp.mmp.MMP.LoginPageTest" name="PatLoginExcel">
    <skipped/>
  </testcase> <!-- PatLoginExcel -->
  <testcase classname="com.iitp.mmp.MMP.LoginPageTest" name="adminLogin">
    <skipped/>
  </testcase> <!-- adminLogin -->
</testsuite> <!-- com.iitp.mmp.MMP.LoginPageTest -->
