<?xml version="1.0" encoding="UTF-8"?>
<!-- Generated by org.testng.reporters.JUnitReportReporter -->
<testsuite hostname="Prasuns-MacBook-Pro.local" failures="0" tests="1" name="com.iitp.mmp.MMP.AdminHomeTest" time="30.635" errors="0" timestamp="06 Apr 2020 17:42:46 GMT" skipped="0">
  <testcase classname="com.iitp.mmp.MMP.AdminHomeTest" name="adminAddReportsTest" time="30.635"/>
</testsuite> <!-- com.iitp.mmp.MMP.AdminHomeTest -->
