<?xml version="1.0" encoding="UTF-8"?>
<!-- Generated by org.testng.reporters.JUnitReportReporter -->
<testsuite hostname="Prasuns-MacBook-Pro.local" failures="0" tests="1" name="com.iitp.mmp.MMP.PatientRegisterTest" time="10.847" errors="0" timestamp="01 Apr 2020 18:08:49 GMT" skipped="0">
  <testcase classname="com.iitp.mmp.MMP.PatientRegisterTest" name="approvePatient" time="10.847"/>
</testsuite> <!-- com.iitp.mmp.MMP.PatientRegisterTest -->
