<?xml version="1.0" encoding="UTF-8"?>
<!-- Generated by org.testng.reporters.JUnitReportReporter -->
<testsuite hostname="Prasuns-MacBook-Pro.local" failures="0" tests="1" name="com.iitp.mmp.MMP.PatientRegisterTest" time="11.338" errors="0" timestamp="14 Mar 2020 00:10:41 GMT" skipped="0">
  <testcase classname="com.iitp.mmp.MMP.PatientRegisterTest" name="approvePatient" time="11.338"/>
</testsuite> <!-- com.iitp.mmp.MMP.PatientRegisterTest -->
