<?xml version="1.0" encoding="UTF-8"?>
<!-- Generated by org.testng.reporters.JUnitReportReporter -->
<testsuite hostname="Prasuns-MacBook-Pro.local" failures="0" tests="1" name="com.iitp.mmp.MMP.PatientHomePageTest" time="20.179" errors="0" timestamp="07 Apr 2020 00:32:14 GMT" skipped="0">
  <testcase classname="com.iitp.mmp.MMP.PatientHomePageTest" name="viewReportTest" time="20.179"/>
</testsuite> <!-- com.iitp.mmp.MMP.PatientHomePageTest -->
