<?xml version="1.0" encoding="UTF-8"?>
<!-- Generated by org.testng.reporters.JUnitReportReporter -->
<testsuite hostname="Prasuns-MacBook-Pro.local" failures="0" tests="3" name="com.iitp.mmp.MMP.LoginPageTest" time="20.262" errors="0" timestamp="06 Apr 2020 23:40:15 GMT" skipped="2">
  <testcase classname="com.iitp.mmp.MMP.LoginPageTest" name="databaseConn" time="20.262"/>
  <testcase classname="com.iitp.mmp.MMP.LoginPageTest" name="adminLogin">
    <skipped/>
  </testcase> <!-- adminLogin -->
  <testcase classname="com.iitp.mmp.MMP.LoginPageTest" name="PatLogin">
    <skipped/>
  </testcase> <!-- PatLogin -->
</testsuite> <!-- com.iitp.mmp.MMP.LoginPageTest -->
